[2022-05-08T13:28:31.298] [INFO] default - GET /api/products/6277edf034bb1d7e66ac7a01
[2022-05-08T13:31:03.396] [INFO] default - GET /api/info/
[2022-05-08T13:35:30.927] [INFO] default - GET /api/info/
[2022-05-08T13:38:18.514] [INFO] default - GET /api/i12fo/
[2022-05-08T13:43:28.530] [INFO] default - GET /api/wsp/
[2022-05-08T13:43:46.529] [INFO] default - GET /api/wsp/
[2022-05-08T13:44:40.978] [INFO] default - GET /api/wsp/
[2022-05-08T13:45:46.151] [INFO] default - GET /api/mail/
[2022-05-08T14:45:15.342] [INFO] default - GET /api/wsp/
[2022-05-08T14:51:57.833] [INFO] default - GET /api/wsp/
[2022-05-08T14:56:19.088] [INFO] default - GET /api/wsp/
[2022-05-08T15:00:39.324] [INFO] default - GET /api/wsp/
[2022-05-08T15:03:22.469] [INFO] default - GET /api/sms/
[2022-05-08T15:05:09.193] [INFO] default - GET /api/sms/
[2022-05-08T15:09:35.692] [INFO] default - GET /api/sms/
[2022-05-08T15:11:40.727] [INFO] default - GET /api/sms/
[2022-05-08T15:12:04.164] [INFO] default - GET /api/sms/
[2022-05-08T15:47:35.180] [INFO] default - GET /api/products
[2022-05-08T15:48:23.353] [INFO] default - GET /api/mail/
[2022-05-08T15:53:41.496] [INFO] default - POST /api/session/register
[2022-05-08T15:56:25.541] [INFO] default - POST /api/session/login
[2022-05-08T15:56:27.961] [INFO] default - GET /api/session/current
[2022-05-08T15:56:27.998] [INFO] default - GET /api/session/current
[2022-05-08T15:56:28.832] [INFO] default - GET /api/products
[2022-05-08T15:57:05.490] [INFO] default - POST /api/session/login
[2022-05-08T15:58:18.252] [INFO] default - POST /api/session/register
[2022-05-08T15:59:37.200] [INFO] default - POST /api/session/register
[2022-05-08T16:00:45.849] [INFO] default - POST /api/session/register
[2022-05-08T16:07:29.976] [INFO] default - POST /api/session/register
[2022-05-08T16:09:25.824] [INFO] default - POST /api/session/register
[2022-05-08T16:12:14.919] [INFO] default - POST /api/session/register
[2022-05-08T16:13:09.671] [INFO] default - POST /api/session/register
[2022-05-08T16:21:24.302] [INFO] default - POST /api/session/login
[2022-05-08T16:21:26.871] [INFO] default - GET /api/session/current
[2022-05-08T16:21:27.213] [INFO] default - GET /api/session/current
[2022-05-08T16:21:27.291] [INFO] default - GET /api/products
[2022-05-08T16:21:39.966] [INFO] default - POST /api/session/login
[2022-05-08T16:23:13.482] [INFO] default - POST /api/session/register
[2022-05-08T16:27:13.170] [INFO] default - POST /api/session/register
[2022-05-08T16:31:25.637] [INFO] default - POST /api/session/register
[2022-05-08T16:39:33.398] [INFO] default - POST /api/session/register
[2022-05-08T16:41:30.971] [INFO] default - POST /api/session/register
[2022-05-08T16:41:51.172] [INFO] default - POST /api/session/login
[2022-05-08T16:41:53.871] [INFO] default - GET /api/session/current
[2022-05-08T16:41:54.135] [INFO] default - GET /api/session/current
[2022-05-08T16:41:55.779] [INFO] default - GET /api/products
[2022-05-08T16:42:38.592] [INFO] default - POST /api/session/login
[2022-05-08T16:43:09.298] [INFO] default - POST /api/session/register
[2022-05-08T16:45:04.782] [INFO] default - POST /api/session/register
[2022-05-08T16:47:47.817] [INFO] default - POST /api/session/register
[2022-05-08T16:49:33.635] [INFO] default - POST /api/session/register
[2022-05-08T16:52:04.206] [INFO] default - POST /api/session/register
[2022-05-08T16:55:55.342] [INFO] default - POST /api/session/register
[2022-05-08T16:56:46.058] [INFO] default - POST /api/session/register
[2022-05-08T16:57:56.139] [INFO] default - POST /api/session/register
[2022-05-08T17:00:21.007] [INFO] default - POST /api/session/register
[2022-05-08T17:07:32.006] [INFO] default - POST /api/session/login
[2022-05-08T17:07:56.679] [INFO] default - POST /api/session/register
[2022-05-08T17:09:08.590] [INFO] default - POST /api/session/register
[2022-05-08T17:10:01.227] [INFO] default - POST /api/session/register
[2022-05-08T17:11:29.631] [INFO] default - POST /api/session/register
[2022-05-08T17:12:50.522] [INFO] default - POST /api/session/register
[2022-05-08T17:13:54.415] [INFO] default - POST /api/session/register
[2022-05-08T17:15:56.947] [INFO] default - POST /api/session/register
[2022-05-08T17:17:22.662] [INFO] default - POST /api/session/register
[2022-05-08T17:17:57.243] [INFO] default - POST /api/session/register
[2022-05-08T17:19:32.656] [INFO] default - POST /api/session/register
[2022-05-08T17:23:39.502] [INFO] default - POST /api/session/register
[2022-05-08T17:24:54.946] [INFO] default - POST /api/session/register
[2022-05-08T21:33:52.227] [INFO] default - POST /api/session/register
[2022-05-08T21:39:44.246] [INFO] default - POST /api/session/register
[2022-05-08T21:40:22.781] [INFO] default - POST /api/session/register
[2022-05-08T21:41:08.867] [INFO] default - POST /api/session/register
[2022-05-08T21:42:21.501] [INFO] default - POST /api/session/register
[2022-05-08T21:47:11.743] [INFO] default - POST /api/session/register
[2022-05-08T21:49:43.143] [INFO] default - POST /api/session/register
[2022-05-08T21:49:56.485] [INFO] default - POST /api/session/login
[2022-05-08T21:49:59.395] [INFO] default - GET /api/session/current
[2022-05-08T21:49:59.640] [INFO] default - GET /api/session/current
[2022-05-08T21:50:01.373] [INFO] default - GET /api/products
[2022-05-08T21:52:03.757] [INFO] default - POST /api/session/login
[2022-05-08T21:53:23.785] [INFO] default - POST /api/session/register
[2022-05-08T21:55:33.752] [INFO] default - POST /api/session/register
[2022-05-08T21:57:20.386] [INFO] default - POST /api/session/register
[2022-05-08T22:02:48.118] [INFO] default - POST /api/session/register
[2022-05-08T22:08:28.473] [INFO] default - GET /api/session/current
[2022-05-08T22:08:28.791] [INFO] default - GET /api/session/current
[2022-05-08T22:08:31.574] [INFO] default - GET /api/products
[2022-05-08T22:13:47.142] [INFO] default - POST /api/session/register
[2022-05-08T22:16:34.306] [INFO] default - POST /api/session/register
[2022-05-08T22:17:20.284] [INFO] default - POST /api/session/register
[2022-05-08T22:19:01.274] [INFO] default - POST /api/session/register
[2022-05-08T22:21:39.026] [INFO] default - POST /api/session/register
[2022-05-08T22:22:52.282] [INFO] default - POST /api/session/register
[2022-05-08T22:23:20.865] [INFO] default - POST /api/session/register
[2022-05-08T22:29:58.022] [INFO] default - POST /api/session/register
[2022-05-08T22:32:46.645] [INFO] default - POST /api/session/register
[2022-05-08T22:38:36.059] [INFO] default - POST /api/session/register
[2022-05-08T22:39:38.933] [INFO] default - POST /api/session/login
[2022-05-08T22:39:42.157] [INFO] default - GET /api/session/current
[2022-05-08T22:39:42.365] [INFO] default - GET /api/session/current
[2022-05-08T22:39:43.065] [INFO] default - GET /api/products
[2022-05-08T22:39:49.729] [INFO] default - GET /api/session/current
[2022-05-08T22:40:04.229] [INFO] default - GET /api/session/current
[2022-05-08T22:45:00.579] [INFO] default - GET /api/session/current
[2022-05-08T22:45:00.822] [INFO] default - GET /api/session/current
[2022-05-08T22:45:01.026] [INFO] default - GET /api/session/current
[2022-05-08T22:45:01.457] [INFO] default - GET /api/session/current
[2022-05-08T22:45:01.664] [INFO] default - GET /api/session/current
[2022-05-08T22:45:01.752] [INFO] default - GET /api/products
[2022-05-08T22:45:07.432] [INFO] default - GET /api/session/current
[2022-05-08T22:50:59.214] [INFO] default - GET /api/session/current
[2022-05-08T22:50:59.426] [INFO] default - GET /api/session/current
[2022-05-08T22:51:00.287] [INFO] default - GET /api/products
[2022-05-08T22:51:05.358] [INFO] default - GET /api/products/6276f9364d1547fa69742135
[2022-05-08T22:51:05.362] [INFO] default - GET /api/carts/6278709d76015f88603afc2b
[2022-05-08T22:51:05.589] [INFO] default - GET /api/carts/6278709d76015f88603afc2b
[2022-05-08T22:51:05.801] [INFO] default - GET /api/carts/6278709d76015f88603afc2b
[2022-05-08T22:51:13.330] [INFO] default - GET /api/products
[2022-05-08T22:51:25.864] [INFO] default - GET /api/session/current
[2022-05-08T22:52:28.277] [INFO] default - GET /api/session/current
[2022-05-08T22:52:28.488] [INFO] default - GET /api/session/current
[2022-05-08T22:52:29.544] [INFO] default - GET /api/session/current
[2022-05-08T22:52:40.214] [INFO] default - GET /api/session/current
[2022-05-08T22:52:40.458] [INFO] default - GET /api/session/current
[2022-05-08T22:52:41.547] [INFO] default - GET /api/session/current
[2022-05-08T22:54:43.695] [INFO] default - GET /api/session/current
[2022-05-08T22:54:43.994] [INFO] default - GET /api/session/current
[2022-05-08T22:54:45.070] [INFO] default - GET /api/session/current
[2022-05-08T22:55:03.426] [INFO] default - POST /api/session/login
[2022-05-08T22:55:05.949] [INFO] default - GET /api/session/current
[2022-05-08T22:55:06.199] [INFO] default - GET /api/products
[2022-05-08T22:55:06.203] [INFO] default - GET /api/session/current
[2022-05-08T22:55:08.984] [INFO] default - GET /api/session/current
[2022-05-08T22:55:43.956] [INFO] default - GET /api/products
